<?xml version="1.0" encoding="UTF-8"?>
<testng-results skipped="0" failed="0" ignored="0" total="1" passed="1">
  <reporter-output>
  </reporter-output>
  <suite name="Default suite" duration-ms="203" started-at="2019-07-16T04:21:00Z" finished-at="2019-07-16T04:21:01Z">
    <groups>
    </groups>
    <test name="Default test" duration-ms="203" started-at="2019-07-16T04:21:00Z" finished-at="2019-07-16T04:21:01Z">
      <class name="Model.AccountTest">
        <test-method status="PASS" signature="beforeMethod()[pri:0, instance:Model.AccountTest@1b604f19]" name="beforeMethod" is-config="true" duration-ms="153" started-at="2019-07-16T04:21:00Z" finished-at="2019-07-16T04:21:01Z">
          <reporter-output>
          </reporter-output>
        </test-method> <!-- beforeMethod -->
        <test-method status="PASS" signature="account()[pri:0, instance:Model.AccountTest@1b604f19]" name="account" duration-ms="14" started-at="2019-07-16T04:21:01Z" finished-at="2019-07-16T04:21:01Z">
          <reporter-output>
          </reporter-output>
        </test-method> <!-- account -->
      </class> <!-- Model.AccountTest -->
    </test> <!-- Default test -->
  </suite> <!-- Default suite -->
</testng-results>
